<?xml version="1.0" encoding="UTF-8"?>
<!-- Generated by org.testng.reporters.JUnitReportReporter -->
<testsuite hostname="DESKTOP-MVKTGS4" failures="0" tests="2" name="TestCases.NewTest" time="52.938" errors="0" timestamp="2022-12-24T19:43:39 EET" skipped="0">
  <testcase classname="TestCases.NewTest" name="SeconedScenario" time="22.659"/>
  <system-out/>
  <testcase classname="TestCases.NewTest" name="FirstScenario" time="30.279"/>
  <system-out/>
</testsuite> <!-- TestCases.NewTest -->
